# JRE version: Java(TM) SE Runtime Environment (17.0.9+11) (build 17.0.9+11-LTS-201)
# Java VM: Java HotSpot(TM) 64-Bit Server VM (17.0.9+11-LTS-201, mixed mode, sharing, tiered, compressed oops, compressed class ptrs, g1 gc, windows-amd64)
GC Precious Log:
 CPUs: 8 total, 8 available
 Memory: 16252M
 Large Page Support: Disabled
 NUMA Support: Disabled
 Compressed Oops: Enabled (Zero based)
 Heap Region Size: 2M
 Heap Min Capacity: 8M
 Heap Initial Capacity: 254M
 Heap Max Capacity: 4064M
 Pre-touch: Disabled
 Parallel Workers: 8
 Concurrent Workers: 2
 Concurrent Refinement Workers: 8
 Periodic GC: Disabled
Heap:
 garbage-first heap   total 1200128K, used 670477K [0x0000000702000000, 0x0000000800000000)
  region size 2048K, 1 young (2048K), 1 survivors (2048K)
 Metaspace       used 15658K, committed 15936K, reserved 1114112K
  class space    used 2124K, committed 2240K, reserved 1048576K
GC Heap History (20 events):
Event: 11.353 GC heap after
{Heap after GC invocations=101 (full 0):
 garbage-first heap   total 1200128K, used 570465K [0x0000000702000000, 0x0000000800000000)
  region size 2048K, 1 young (2048K), 1 survivors (2048K)
 Metaspace       used 15658K, committed 15936K, reserved 1114112K
  class space    used 2124K, committed 2240K, reserved 1048576K
}
Event: 11.366 GC heap before
{Heap before GC invocations=102 (full 0):
 garbage-first heap   total 1200128K, used 580705K [0x0000000702000000, 0x0000000800000000)
  region size 2048K, 3 young (6144K), 1 survivors (2048K)
 Metaspace       used 15658K, committed 15936K, reserved 1114112K
  class space    used 2124K, committed 2240K, reserved 1048576K
}
Event: 11.367 GC heap after
{Heap after GC invocations=103 (full 0):
 garbage-first heap   total 1200128K, used 580308K [0x0000000702000000, 0x0000000800000000)
  region size 2048K, 1 young (2048K), 1 survivors (2048K)
 Metaspace       used 15658K, committed 15936K, reserved 1114112K
  class space    used 2124K, committed 2240K, reserved 1048576K
}
Event: 11.379 GC heap before
{Heap before GC invocations=104 (full 0):
 garbage-first heap   total 1200128K, used 590548K [0x0000000702000000, 0x0000000800000000)
  region size 2048K, 3 young (6144K), 1 survivors (2048K)
 Metaspace       used 15658K, committed 15936K, reserved 1114112K
  class space    used 2124K, committed 2240K, reserved 1048576K
}
Event: 11.379 GC heap after
{Heap after GC invocations=105 (full 0):
 garbage-first heap   total 1200128K, used 590552K [0x0000000702000000, 0x0000000800000000)
  region size 2048K, 1 young (2048K), 1 survivors (2048K)
 Metaspace       used 15658K, committed 15936K, reserved 1114112K
  class space    used 2124K, committed 2240K, reserved 1048576K
}
Event: 11.392 GC heap before
{Heap before GC invocations=106 (full 0):
 garbage-first heap   total 1200128K, used 600792K [0x0000000702000000, 0x0000000800000000)
  region size 2048K, 3 young (6144K), 1 survivors (2048K)
 Metaspace       used 15658K, committed 15936K, reserved 1114112K
  class space    used 2124K, committed 2240K, reserved 1048576K
}
Event: 11.393 GC heap after
{Heap after GC invocations=107 (full 0):
 garbage-first heap   total 1200128K, used 600799K [0x0000000702000000, 0x0000000800000000)
  region size 2048K, 1 young (2048K), 1 survivors (2048K)
 Metaspace       used 15658K, committed 15936K, reserved 1114112K
  class space    used 2124K, committed 2240K, reserved 1048576K
}
Event: 11.407 GC heap before
{Heap before GC invocations=108 (full 0):
 garbage-first heap   total 1200128K, used 611039K [0x0000000702000000, 0x0000000800000000)
  region size 2048K, 3 young (6144K), 1 survivors (2048K)
 Metaspace       used 15658K, committed 15936K, reserved 1114112K
  class space    used 2124K, committed 2240K, reserved 1048576K
}
Event: 11.408 GC heap after
{Heap after GC invocations=109 (full 0):
 garbage-first heap   total 1200128K, used 611050K [0x0000000702000000, 0x0000000800000000)
  region size 2048K, 1 young (2048K), 1 survivors (2048K)
 Metaspace       used 15658K, committed 15936K, reserved 1114112K
  class space    used 2124K, committed 2240K, reserved 1048576K
}
Event: 11.419 GC heap before
{Heap before GC invocations=110 (full 0):
 garbage-first heap   total 1200128K, used 621290K [0x0000000702000000, 0x0000000800000000)
  region size 2048K, 3 young (6144K), 1 survivors (2048K)
 Metaspace       used 15658K, committed 15936K, reserved 1114112K
  class space    used 2124K, committed 2240K, reserved 1048576K
}
Event: 11.420 GC heap after
{Heap after GC invocations=111 (full 0):
 garbage-first heap   total 1200128K, used 621301K [0x0000000702000000, 0x0000000800000000)
  region size 2048K, 1 young (2048K), 1 survivors (2048K)
 Metaspace       used 15658K, committed 15936K, reserved 1114112K
  class space    used 2124K, committed 2240K, reserved 1048576K
}
Event: 11.430 GC heap before
{Heap before GC invocations=112 (full 0):
 garbage-first heap   total 1200128K, used 629493K [0x0000000702000000, 0x0000000800000000)
  region size 2048K, 2 young (4096K), 1 survivors (2048K)
 Metaspace       used 15658K, committed 15936K, reserved 1114112K
  class space    used 2124K, committed 2240K, reserved 1048576K
}
Event: 11.430 GC heap after
{Heap after GC invocations=113 (full 0):
 garbage-first heap   total 1200128K, used 629491K [0x0000000702000000, 0x0000000800000000)
  region size 2048K, 1 young (2048K), 1 survivors (2048K)
 Metaspace       used 15658K, committed 15936K, reserved 1114112K
  class space    used 2124K, committed 2240K, reserved 1048576K
}
Event: 11.445 GC heap before
{Heap before GC invocations=114 (full 0):
 garbage-first heap   total 1200128K, used 639731K [0x0000000702000000, 0x0000000800000000)
  region size 2048K, 3 young (6144K), 1 survivors (2048K)
 Metaspace       used 15658K, committed 15936K, reserved 1114112K
  class space    used 2124K, committed 2240K, reserved 1048576K
}
Event: 11.445 GC heap after
{Heap after GC invocations=115 (full 0):
 garbage-first heap   total 1200128K, used 639736K [0x0000000702000000, 0x0000000800000000)
  region size 2048K, 1 young (2048K), 1 survivors (2048K)
 Metaspace       used 15658K, committed 15936K, reserved 1114112K
  class space    used 2124K, committed 2240K, reserved 1048576K
}
Event: 11.457 GC heap before
{Heap before GC invocations=116 (full 0):
 garbage-first heap   total 1200128K, used 649976K [0x0000000702000000, 0x0000000800000000)
  region size 2048K, 3 young (6144K), 1 survivors (2048K)
 Metaspace       used 15658K, committed 15936K, reserved 1114112K
  class space    used 2124K, committed 2240K, reserved 1048576K
}
Event: 11.458 GC heap after
{Heap after GC invocations=117 (full 0):
 garbage-first heap   total 1200128K, used 649982K [0x0000000702000000, 0x0000000800000000)
  region size 2048K, 1 young (2048K), 1 survivors (2048K)
 Metaspace       used 15658K, committed 15936K, reserved 1114112K
  class space    used 2124K, committed 2240K, reserved 1048576K
}
Event: 11.470 GC heap before
{Heap before GC invocations=118 (full 0):
 garbage-first heap   total 1200128K, used 660222K [0x0000000702000000, 0x0000000800000000)
  region size 2048K, 3 young (6144K), 1 survivors (2048K)
 Metaspace       used 15658K, committed 15936K, reserved 1114112K
  class space    used 2124K, committed 2240K, reserved 1048576K
}
Event: 11.471 GC heap after
{Heap after GC invocations=119 (full 0):
 garbage-first heap   total 1200128K, used 660231K [0x0000000702000000, 0x0000000800000000)
  region size 2048K, 1 young (2048K), 1 survivors (2048K)
 Metaspace       used 15658K, committed 15936K, reserved 1114112K
  class space    used 2124K, committed 2240K, reserved 1048576K
}
Event: 11.483 GC heap before
{Heap before GC invocations=120 (full 0):
 garbage-first heap   total 1200128K, used 670471K [0x0000000702000000, 0x0000000800000000)
  region size 2048K, 3 young (6144K), 1 survivors (2048K)
 Metaspace       used 15658K, committed 15936K, reserved 1114112K
  class space    used 2124K, committed 2240K, reserved 1048576K
}

