# JRE version: Java(TM) SE Runtime Environment (17.0.9+11) (build 17.0.9+11-LTS-201)
# Java VM: Java HotSpot(TM) 64-Bit Server VM (17.0.9+11-LTS-201, mixed mode, sharing, tiered, compressed oops, compressed class ptrs, g1 gc, windows-amd64)
GC Precious Log:
 CPUs: 8 total, 8 available
 Memory: 16252M
 Large Page Support: Disabled
 NUMA Support: Disabled
 Compressed Oops: Enabled (Zero based)
 Heap Region Size: 2M
 Heap Min Capacity: 8M
 Heap Initial Capacity: 254M
 Heap Max Capacity: 4064M
 Pre-touch: Disabled
 Parallel Workers: 8
 Concurrent Workers: 2
 Concurrent Refinement Workers: 8
 Periodic GC: Disabled
Heap:
 garbage-first heap   total 765952K, used 356916K [0x0000000702000000, 0x0000000800000000)
  region size 2048K, 1 young (2048K), 1 survivors (2048K)
 Metaspace       used 15611K, committed 15872K, reserved 1114112K
  class space    used 2123K, committed 2240K, reserved 1048576K
GC Heap History (20 events):
Event: 2.656 GC heap after
{Heap after GC invocations=35 (full 0):
 garbage-first heap   total 499712K, used 271176K [0x0000000702000000, 0x0000000800000000)
  region size 2048K, 1 young (2048K), 1 survivors (2048K)
 Metaspace       used 15448K, committed 15744K, reserved 1114112K
  class space    used 2052K, committed 2176K, reserved 1048576K
}
Event: 2.667 GC heap before
{Heap before GC invocations=36 (full 0):
 garbage-first heap   total 499712K, used 281416K [0x0000000702000000, 0x0000000800000000)
  region size 2048K, 3 young (6144K), 1 survivors (2048K)
 Metaspace       used 15448K, committed 15744K, reserved 1114112K
  class space    used 2052K, committed 2176K, reserved 1048576K
}
Event: 2.668 GC heap after
{Heap after GC invocations=37 (full 0):
 garbage-first heap   total 616448K, used 281422K [0x0000000702000000, 0x0000000800000000)
  region size 2048K, 1 young (2048K), 1 survivors (2048K)
 Metaspace       used 15448K, committed 15744K, reserved 1114112K
  class space    used 2052K, committed 2176K, reserved 1048576K
}
Event: 2.677 GC heap before
{Heap before GC invocations=38 (full 0):
 garbage-first heap   total 616448K, used 289614K [0x0000000702000000, 0x0000000800000000)
  region size 2048K, 2 young (4096K), 1 survivors (2048K)
 Metaspace       used 15448K, committed 15744K, reserved 1114112K
  class space    used 2052K, committed 2176K, reserved 1048576K
}
Event: 2.678 GC heap after
{Heap after GC invocations=39 (full 0):
 garbage-first heap   total 616448K, used 289618K [0x0000000702000000, 0x0000000800000000)
  region size 2048K, 1 young (2048K), 1 survivors (2048K)
 Metaspace       used 15448K, committed 15744K, reserved 1114112K
  class space    used 2052K, committed 2176K, reserved 1048576K
}
Event: 2.690 GC heap before
{Heap before GC invocations=40 (full 0):
 garbage-first heap   total 616448K, used 299858K [0x0000000702000000, 0x0000000800000000)
  region size 2048K, 3 young (6144K), 1 survivors (2048K)
 Metaspace       used 15448K, committed 15744K, reserved 1114112K
  class space    used 2052K, committed 2176K, reserved 1048576K
}
Event: 2.691 GC heap after
{Heap after GC invocations=41 (full 0):
 garbage-first heap   total 616448K, used 299859K [0x0000000702000000, 0x0000000800000000)
  region size 2048K, 1 young (2048K), 1 survivors (2048K)
 Metaspace       used 15448K, committed 15744K, reserved 1114112K
  class space    used 2052K, committed 2176K, reserved 1048576K
}
Event: 2.702 GC heap before
{Heap before GC invocations=42 (full 0):
 garbage-first heap   total 616448K, used 310099K [0x0000000702000000, 0x0000000800000000)
  region size 2048K, 3 young (6144K), 1 survivors (2048K)
 Metaspace       used 15448K, committed 15744K, reserved 1114112K
  class space    used 2052K, committed 2176K, reserved 1048576K
}
Event: 2.703 GC heap after
{Heap after GC invocations=43 (full 0):
 garbage-first heap   total 616448K, used 310103K [0x0000000702000000, 0x0000000800000000)
  region size 2048K, 1 young (2048K), 1 survivors (2048K)
 Metaspace       used 15448K, committed 15744K, reserved 1114112K
  class space    used 2052K, committed 2176K, reserved 1048576K
}
Event: 2.714 GC heap before
{Heap before GC invocations=44 (full 0):
 garbage-first heap   total 616448K, used 318295K [0x0000000702000000, 0x0000000800000000)
  region size 2048K, 2 young (4096K), 1 survivors (2048K)
 Metaspace       used 15448K, committed 15744K, reserved 1114112K
  class space    used 2052K, committed 2176K, reserved 1048576K
}
Event: 2.715 GC heap after
{Heap after GC invocations=45 (full 0):
 garbage-first heap   total 616448K, used 318294K [0x0000000702000000, 0x0000000800000000)
  region size 2048K, 1 young (2048K), 1 survivors (2048K)
 Metaspace       used 15448K, committed 15744K, reserved 1114112K
  class space    used 2052K, committed 2176K, reserved 1048576K
}
Event: 2.726 GC heap before
{Heap before GC invocations=46 (full 0):
 garbage-first heap   total 616448K, used 328534K [0x0000000702000000, 0x0000000800000000)
  region size 2048K, 3 young (6144K), 1 survivors (2048K)
 Metaspace       used 15448K, committed 15744K, reserved 1114112K
  class space    used 2052K, committed 2176K, reserved 1048576K
}
Event: 2.727 GC heap after
{Heap after GC invocations=47 (full 0):
 garbage-first heap   total 765952K, used 328538K [0x0000000702000000, 0x0000000800000000)
  region size 2048K, 1 young (2048K), 1 survivors (2048K)
 Metaspace       used 15448K, committed 15744K, reserved 1114112K
  class space    used 2052K, committed 2176K, reserved 1048576K
}
Event: 2.741 GC heap before
{Heap before GC invocations=47 (full 0):
 garbage-first heap   total 765952K, used 342874K [0x0000000702000000, 0x0000000800000000)
  region size 2048K, 3 young (6144K), 1 survivors (2048K)
 Metaspace       used 15448K, committed 15744K, reserved 1114112K
  class space    used 2052K, committed 2176K, reserved 1048576K
}
Event: 2.742 GC heap after
{Heap after GC invocations=48 (full 0):
 garbage-first heap   total 765952K, used 342885K [0x0000000702000000, 0x0000000800000000)
  region size 2048K, 1 young (2048K), 1 survivors (2048K)
 Metaspace       used 15448K, committed 15744K, reserved 1114112K
  class space    used 2052K, committed 2176K, reserved 1048576K
}
Event: 2.745 GC heap before
{Heap before GC invocations=48 (full 0):
 garbage-first heap   total 765952K, used 344933K [0x0000000702000000, 0x0000000800000000)
  region size 2048K, 2 young (4096K), 1 survivors (2048K)
 Metaspace       used 15448K, committed 15744K, reserved 1114112K
  class space    used 2052K, committed 2176K, reserved 1048576K
}
Event: 2.746 GC heap after
{Heap after GC invocations=49 (full 0):
 garbage-first heap   total 765952K, used 344935K [0x0000000702000000, 0x0000000800000000)
  region size 2048K, 1 young (2048K), 1 survivors (2048K)
 Metaspace       used 15448K, committed 15744K, reserved 1114112K
  class space    used 2052K, committed 2176K, reserved 1048576K
}
Event: 2.756 GC heap before
{Heap before GC invocations=50 (full 0):
 garbage-first heap   total 765952K, used 355175K [0x0000000702000000, 0x0000000800000000)
  region size 2048K, 3 young (6144K), 1 survivors (2048K)
 Metaspace       used 15448K, committed 15744K, reserved 1114112K
  class space    used 2052K, committed 2176K, reserved 1048576K
}
Event: 2.757 GC heap after
{Heap after GC invocations=51 (full 0):
 garbage-first heap   total 765952K, used 355182K [0x0000000702000000, 0x0000000800000000)
  region size 2048K, 1 young (2048K), 1 survivors (2048K)
 Metaspace       used 15448K, committed 15744K, reserved 1114112K
  class space    used 2052K, committed 2176K, reserved 1048576K
}
Event: 3.068 GC heap before
{Heap before GC invocations=52 (full 0):
 garbage-first heap   total 765952K, used 357230K [0x0000000702000000, 0x0000000800000000)
  region size 2048K, 2 young (4096K), 1 survivors (2048K)
 Metaspace       used 15611K, committed 15872K, reserved 1114112K
  class space    used 2123K, committed 2240K, reserved 1048576K
}

